#! /usr/bin/vvp
:ivl_version "10.1 (stable)";
:ivl_delay_selection "TYPICAL";
:vpi_time_precision - 12;
:vpi_module "system";
:vpi_module "vhdl_sys";
:vpi_module "v2005_math";
:vpi_module "va_math";
S_0x562f08c501c0 .scope module, "circuit_tb" "circuit_tb" 2 6;
 .timescale -9 -12;
v0x562f08c708b0_0 .var "clk", 0 0;
v0x562f08c70970_0 .var "en", 0 0;
v0x562f08c70a10_0 .var/i "i", 31 0;
v0x562f08c70ab0_0 .var "rst", 0 0;
v0x562f08c70b80_0 .var "x", 31 0;
v0x562f08c70c20_0 .net "y", 97 0, L_0x562f08c0a810;  1 drivers
E_0x562f08c41af0 .event posedge, v0x562f08c4e6d0_0;
S_0x562f08c50340 .scope module, "c0" "circuit" 2 34, 3 4 0, S_0x562f08c501c0;
 .timescale -9 -12;
    .port_info 0 /INPUT 1 "rst"
    .port_info 1 /INPUT 1 "clk"
    .port_info 2 /INPUT 1 "en"
    .port_info 3 /INPUT 32 "x"
    .port_info 4 /OUTPUT 98 "y"
P_0x562f08c504c0 .param/l "W" 0 3 6, +C4<00000000000000000000000001100010>;
L_0x562f08c0a810 .functor BUFZ 98, v0x562f08c70490_0, C4<00000000000000000000000000000000000000000000000000000000000000000000000000000000000000000000000000>, C4<00000000000000000000000000000000000000000000000000000000000000000000000000000000000000000000000000>, C4<00000000000000000000000000000000000000000000000000000000000000000000000000000000000000000000000000>;
v0x562f08c4e6d0_0 .net "clk", 0 0, v0x562f08c708b0_0;  1 drivers
v0x562f08c4b1f0_0 .var "cnt", 6 0;
v0x562f08c4b2c0_0 .net "en", 0 0, v0x562f08c70970_0;  1 drivers
v0x562f08c4bb20_0 .net "rst", 0 0, v0x562f08c70ab0_0;  1 drivers
v0x562f08c4bbc0_0 .net "x", 31 0, v0x562f08c70b80_0;  1 drivers
v0x562f08c703b0_0 .net "y", 97 0, L_0x562f08c0a810;  alias, 1 drivers
v0x562f08c70490_0 .var "y_final", 97 0;
v0x562f08c70570_0 .var "y_int", 97 0;
v0x562f08c70650_0 .var "y_int_n_1", 97 0;
v0x562f08c70730_0 .var "y_int_n_2", 97 0;
E_0x562f08c40f80 .event edge, v0x562f08c70570_0;
E_0x562f08c41350 .event edge, v0x562f08c70650_0, v0x562f08c70730_0;
E_0x562f08c41720 .event posedge, v0x562f08c4bb20_0, v0x562f08c4e6d0_0;
    .scope S_0x562f08c50340;
T_0 ;
    %wait E_0x562f08c41720;
    %load/vec4 v0x562f08c4bb20_0;
    %flag_set/vec4 8;
    %jmp/0xz  T_0.0, 8;
    %pushi/vec4 0, 0, 98;
    %assign/vec4 v0x562f08c70650_0, 0;
    %jmp T_0.1;
T_0.0 ;
    %load/vec4 v0x562f08c4b1f0_0;
    %pad/u 32;
    %cmpi/ne 99, 0, 32;
    %jmp/0xz  T_0.2, 4;
    %load/vec4 v0x562f08c70570_0;
    %assign/vec4 v0x562f08c70650_0, 0;
T_0.2 ;
T_0.1 ;
    %jmp T_0;
    .thread T_0;
    .scope S_0x562f08c50340;
T_1 ;
    %wait E_0x562f08c41720;
    %load/vec4 v0x562f08c4bb20_0;
    %flag_set/vec4 8;
    %jmp/0xz  T_1.0, 8;
    %pushi/vec4 0, 0, 98;
    %assign/vec4 v0x562f08c70730_0, 0;
    %jmp T_1.1;
T_1.0 ;
    %load/vec4 v0x562f08c4b1f0_0;
    %pad/u 32;
    %cmpi/ne 99, 0, 32;
    %jmp/0xz  T_1.2, 4;
    %load/vec4 v0x562f08c4bbc0_0;
    %pad/u 98;
    %assign/vec4 v0x562f08c70730_0, 0;
T_1.2 ;
T_1.1 ;
    %jmp T_1;
    .thread T_1;
    .scope S_0x562f08c50340;
T_2 ;
    %wait E_0x562f08c41720;
    %load/vec4 v0x562f08c4bb20_0;
    %flag_set/vec4 8;
    %jmp/0xz  T_2.0, 8;
    %pushi/vec4 0, 0, 7;
    %assign/vec4 v0x562f08c4b1f0_0, 0;
    %jmp T_2.1;
T_2.0 ;
    %load/vec4 v0x562f08c4b1f0_0;
    %pad/u 32;
    %cmpi/ne 99, 0, 32;
    %jmp/0xz  T_2.2, 4;
    %load/vec4 v0x562f08c4b1f0_0;
    %addi 1, 0, 7;
    %assign/vec4 v0x562f08c4b1f0_0, 0;
T_2.2 ;
T_2.1 ;
    %jmp T_2;
    .thread T_2;
    .scope S_0x562f08c50340;
T_3 ;
    %wait E_0x562f08c41350;
    %load/vec4 v0x562f08c70650_0;
    %load/vec4 v0x562f08c70730_0;
    %add;
    %store/vec4 v0x562f08c70570_0, 0, 98;
    %jmp T_3;
    .thread T_3, $push;
    .scope S_0x562f08c50340;
T_4 ;
    %wait E_0x562f08c40f80;
    %load/vec4 v0x562f08c70570_0;
    %pushi/vec4 100, 0, 98;
    %div;
    %store/vec4 v0x562f08c70490_0, 0, 98;
    %jmp T_4;
    .thread T_4, $push;
    .scope S_0x562f08c501c0;
T_5 ;
    %pushi/vec4 1, 0, 1;
    %store/vec4 v0x562f08c708b0_0, 0, 1;
    %end;
    .thread T_5;
    .scope S_0x562f08c501c0;
T_6 ;
    %delay 5000, 0;
    %load/vec4 v0x562f08c708b0_0;
    %inv;
    %store/vec4 v0x562f08c708b0_0, 0, 1;
    %jmp T_6;
    .thread T_6;
    .scope S_0x562f08c501c0;
T_7 ;
    %pushi/vec4 0, 0, 1;
    %store/vec4 v0x562f08c70ab0_0, 0, 1;
    %end;
    .thread T_7;
    .scope S_0x562f08c501c0;
T_8 ;
    %delay 1000, 0;
    %pushi/vec4 1, 0, 1;
    %store/vec4 v0x562f08c70ab0_0, 0, 1;
    %delay 10000, 0;
    %pushi/vec4 0, 0, 1;
    %store/vec4 v0x562f08c70ab0_0, 0, 1;
    %end;
    .thread T_8;
    .scope S_0x562f08c501c0;
T_9 ;
    %vpi_call 2 17 "$dumpfile", "circuit.vcd" {0 0 0};
    %vpi_call 2 18 "$dumpvars" {0 0 0};
    %pushi/vec4 0, 0, 1;
    %store/vec4 v0x562f08c70970_0, 0, 1;
    %pushi/vec4 0, 0, 32;
    %store/vec4 v0x562f08c70b80_0, 0, 32;
    %pushi/vec4 0, 0, 32;
    %store/vec4 v0x562f08c70a10_0, 0, 32;
T_9.0 ;
    %load/vec4 v0x562f08c70a10_0;
    %cmpi/s 100, 0, 32;
    %jmp/0xz T_9.1, 5;
    %wait E_0x562f08c41af0;
    %delay 1000, 0;
    %pushi/vec4 1, 0, 1;
    %store/vec4 v0x562f08c70970_0, 0, 1;
    %vpi_func 2 22 "$urandom" 32 {0 0 0};
    %pushi/vec4 1024, 0, 32;
    %mod;
    %store/vec4 v0x562f08c70b80_0, 0, 32;
    %load/vec4 v0x562f08c70a10_0;
    %addi 1, 0, 32;
    %store/vec4 v0x562f08c70a10_0, 0, 32;
    %jmp T_9.0;
T_9.1 ;
    %vpi_call 2 25 "$display", "%d", v0x562f08c70c20_0 {0 0 0};
    %wait E_0x562f08c41af0;
    %delay 100000, 0;
    %vpi_call 2 26 "$finish" {0 0 0};
    %end;
    .thread T_9;
# The file index is used to find the file name in the following table.
:file_names 4;
    "N/A";
    "<interactive>";
    "circuit_tb.v";
    "circuit.v";
